<?xml version="1.0" encoding="UTF-8"?>
<!-- Generated by org.testng.reporters.JUnitReportReporter -->
<testsuite hostname="Taylors-MacBook-Pro-1.local" failures="0" tests="12" name="tests.CreateNewLineupQuestionsTests" time="320.038" errors="0" timestamp="30 Oct 2018 01:20:59 GMT" skipped="0">
  <testcase classname="tests.CreateNewLineupQuestionsTests" name="verifyCancelButtonisDisplayed" time="23.561"/>
  <testcase classname="tests.CreateNewLineupQuestionsTests" name="verifyNavtigateToCreateLineupPage" time="28.516"/>
  <testcase classname="tests.CreateNewLineupQuestionsTests" name="verifyFirstQuestionisDisplayed" time="29.441"/>
  <testcase classname="tests.CreateNewLineupQuestionsTests" name="verifySecondQuestionisNotDisplayed" time="18.428"/>
  <testcase classname="tests.CreateNewLineupQuestionsTests" name="verifySelectionOfSportRadioButtons" time="53.910"/>
  <testcase classname="tests.CreateNewLineupQuestionsTests" name="verifySecondQuestionisDisplayed" time="13.437"/>
  <testcase classname="tests.CreateNewLineupQuestionsTests" name="verifyThirdQuestionisNotDisplayed" time="12.949"/>
  <testcase classname="tests.CreateNewLineupQuestionsTests" name="verifySelectionOfGameVariantRadioButtons" time="28.404"/>
  <testcase classname="tests.CreateNewLineupQuestionsTests" name="verifyThirdQuestionisDisplayed" time="29.224"/>
  <testcase classname="tests.CreateNewLineupQuestionsTests" name="verifyContinueButtonIsNotDisplayed" time="14.082"/>
  <testcase classname="tests.CreateNewLineupQuestionsTests" name="verifySelectionOfContestStartDateRadioButtons" time="39.231"/>
  <testcase classname="tests.CreateNewLineupQuestionsTests" name="verifyContinueButtonIsDisplayed" time="28.855"/>
</testsuite> <!-- tests.CreateNewLineupQuestionsTests -->
