<?xml version="1.0" encoding="UTF-8"?>
<!-- Generated by org.testng.reporters.JUnitReportReporter -->
<testsuite hostname="Taylors-MacBook-Pro-1.local" failures="0" tests="2" name="seleniumTesting.HomePageTests" time="49.907" errors="0" timestamp="22 Oct 2018 01:58:07 GMT" skipped="0">
  <testcase classname="seleniumTesting.HomePageTests" name="verifyEnterPromoCodeLink" time="26.024"/>
  <testcase classname="seleniumTesting.HomePageTests" name="verifyEnterPromoCodeLinkText" time="23.883"/>
</testsuite> <!-- seleniumTesting.HomePageTests -->
