<?xml version="1.0" encoding="UTF-8"?>
<!-- Generated by org.testng.reporters.JUnitReportReporter -->
<testsuite hostname="Taylors-MacBook-Pro-1.local" failures="0" tests="2" name="seleniumTesting.AccountDropDownAfterLogInTest" time="54.806" errors="0" timestamp="22 Oct 2018 02:20:28 GMT" skipped="0">
  <testcase classname="seleniumTesting.AccountDropDownAfterLogInTest" name="verifySignOut" time="27.117"/>
  <testcase classname="seleniumTesting.AccountDropDownAfterLogInTest" name="verifyAllLinksAppearInDropDown" time="27.689"/>
</testsuite> <!-- seleniumTesting.AccountDropDownAfterLogInTest -->
