<?xml version="1.0" encoding="UTF-8"?>
<!-- Generated by org.testng.reporters.JUnitReportReporter -->
<testsuite hostname="Taylors-MacBook-Pro-1.local" failures="0" tests="1" name="seleniumTesting.NFLLobbyTests" time="88.202" errors="0" timestamp="20 Oct 2018 18:53:13 GMT" skipped="0">
  <testcase classname="seleniumTesting.NFLLobbyTests" name="verifyGameStyleSelectionRadioButtons" time="88.202"/>
</testsuite> <!-- seleniumTesting.NFLLobbyTests -->
