<?xml version="1.0" encoding="UTF-8"?>
<!-- Generated by org.testng.reporters.JUnitReportReporter -->
<testsuite hostname="Taylors-MacBook-Pro-1.local" failures="0" tests="1" name="tests.NFLLobbyTests" time="26.285" errors="0" timestamp="23 Oct 2018 02:56:45 GMT" skipped="0">
  <testcase classname="tests.NFLLobbyTests" name="verifyGameStyleSelectionRadioButtons" time="26.285"/>
</testsuite> <!-- tests.NFLLobbyTests -->
