<?xml version="1.0" encoding="UTF-8"?>
<!-- Generated by org.testng.reporters.JUnitReportReporter -->
<testsuite hostname="Taylors-MacBook-Pro-1.local" failures="0" tests="2" name="tests.AccountDropDownAfterLogInTests" time="52.731" errors="0" timestamp="23 Oct 2018 23:15:42 GMT" skipped="0">
  <testcase classname="tests.AccountDropDownAfterLogInTests" name="verifyAllLinksAppearInDropDown" time="38.771"/>
  <testcase classname="tests.AccountDropDownAfterLogInTests" name="verifySignOut" time="13.960"/>
</testsuite> <!-- tests.AccountDropDownAfterLogInTests -->
