<?xml version="1.0" encoding="UTF-8"?>
<!-- Generated by org.testng.reporters.JUnitReportReporter -->
<testsuite hostname="Taylors-MacBook-Pro-1.local" failures="0" tests="1" name="seleniumTesting.ChoosePlayersForLineupTests" time="127.758" errors="0" timestamp="21 Oct 2018 23:11:19 GMT" skipped="0">
  <testcase classname="seleniumTesting.ChoosePlayersForLineupTests" name="verifyDraftedPlayerAppearsInLineup" time="127.758"/>
</testsuite> <!-- seleniumTesting.ChoosePlayersForLineupTests -->
