<?xml version="1.0" encoding="UTF-8"?>
<!-- Generated by org.testng.reporters.JUnitReportReporter -->
<testsuite hostname="Taylors-MacBook-Pro-1.local" failures="0" tests="12" name="tests.CreateNewLineupQuestionsTests" time="400.090" errors="0" timestamp="23 Oct 2018 23:22:56 GMT" skipped="0">
  <testcase classname="tests.CreateNewLineupQuestionsTests" name="verifyCancelButtonisDisplayed" time="40.971"/>
  <testcase classname="tests.CreateNewLineupQuestionsTests" name="verifyNavtigateToCreateLineupPage" time="28.077"/>
  <testcase classname="tests.CreateNewLineupQuestionsTests" name="verifyFirstQuestionisDisplayed" time="23.078"/>
  <testcase classname="tests.CreateNewLineupQuestionsTests" name="verifySecondQuestionisNotDisplayed" time="33.107"/>
  <testcase classname="tests.CreateNewLineupQuestionsTests" name="verifySelectionOfSportRadioButtons" time="83.460"/>
  <testcase classname="tests.CreateNewLineupQuestionsTests" name="verifySecondQuestionisDisplayed" time="14.264"/>
  <testcase classname="tests.CreateNewLineupQuestionsTests" name="verifyThirdQuestionisNotDisplayed" time="31.075"/>
  <testcase classname="tests.CreateNewLineupQuestionsTests" name="verifySelectionOfGameVariantRadioButtons" time="31.140"/>
  <testcase classname="tests.CreateNewLineupQuestionsTests" name="verifyThirdQuestionisDisplayed" time="20.480"/>
  <testcase classname="tests.CreateNewLineupQuestionsTests" name="verifyContinueButtonIsNotDisplayed" time="22.048"/>
  <testcase classname="tests.CreateNewLineupQuestionsTests" name="verifySelectionOfContestStartDateRadioButtons" time="43.888"/>
  <testcase classname="tests.CreateNewLineupQuestionsTests" name="verifyContinueButtonIsDisplayed" time="28.502"/>
</testsuite> <!-- tests.CreateNewLineupQuestionsTests -->
