<?xml version="1.0" encoding="UTF-8"?>
<!-- Generated by org.testng.reporters.JUnitReportReporter -->
<testsuite hostname="Taylors-MacBook-Pro-1.local" failures="0" tests="12" name="seleniumTesting.CreateNewLineupQuestionsTest" time="909.664" errors="0" timestamp="22 Oct 2018 02:41:08 GMT" skipped="0">
  <testcase classname="seleniumTesting.CreateNewLineupQuestionsTest" name="verifyCancelButtonisDisplayed" time="31.416"/>
  <testcase classname="seleniumTesting.CreateNewLineupQuestionsTest" name="verifyNavtigateToCreateLineupPage" time="44.663"/>
  <testcase classname="seleniumTesting.CreateNewLineupQuestionsTest" name="verifyFirstQuestionisDisplayed" time="80.912"/>
  <testcase classname="seleniumTesting.CreateNewLineupQuestionsTest" name="verifySecondQuestionisNotDisplayed" time="90.085"/>
  <testcase classname="seleniumTesting.CreateNewLineupQuestionsTest" name="verifySelectionOfSportRadioButtons" time="111.505"/>
  <testcase classname="seleniumTesting.CreateNewLineupQuestionsTest" name="verifySecondQuestionisDisplayed" time="65.836"/>
  <testcase classname="seleniumTesting.CreateNewLineupQuestionsTest" name="verifyThirdQuestionisNotDisplayed" time="87.123"/>
  <testcase classname="seleniumTesting.CreateNewLineupQuestionsTest" name="verifySelectionOfGameVariantRadioButtons" time="110.074"/>
  <testcase classname="seleniumTesting.CreateNewLineupQuestionsTest" name="verifyThirdQuestionisDisplayed" time="63.416"/>
  <testcase classname="seleniumTesting.CreateNewLineupQuestionsTest" name="verifyContinueButtonIsNotDisplayed" time="58.669"/>
  <testcase classname="seleniumTesting.CreateNewLineupQuestionsTest" name="verifySelectionOfContestStartDateRadioButtons" time="91.990"/>
  <testcase classname="seleniumTesting.CreateNewLineupQuestionsTest" name="verifyContinueButtonIsDisplayed" time="73.975"/>
</testsuite> <!-- seleniumTesting.CreateNewLineupQuestionsTest -->
