<?xml version="1.0" encoding="UTF-8"?>
<!-- Generated by org.testng.reporters.JUnitReportReporter -->
<testsuite skipped="11" hostname="Taylors-MacBook-Pro-1.local" name="tests.CreateNewLineupQuestionsTests" tests="13" failures="0" timestamp="30 Oct 2018 00:44:02 GMT" time="33.316" errors="2">
  <testcase name="verifyCancelButtonisDisplayed" time="33.315" classname="tests.CreateNewLineupQuestionsTests">
    <error type="org.openqa.selenium.WebDriverException" message="Timed out waiting for driver server to start.
Build info: version: &#039;3.13.0&#039;, revision: &#039;2f0d292&#039;, time: &#039;2018-06-25T15:24:21.231Z&#039;
System info: host: &#039;Taylors-MacBook-Pro-1.local&#039;, ip: &#039;192.168.1.148&#039;, os.name: &#039;Mac OS X&#039;, os.arch: &#039;x86_64&#039;, os.version: &#039;10.13.1&#039;, java.version: &#039;1.8.0_181&#039;
Driver info: driver.version: ChromeDriver">
      <![CDATA[org.openqa.selenium.WebDriverException: Timed out waiting for driver server to start.
Build info: version: '3.13.0', revision: '2f0d292', time: '2018-06-25T15:24:21.231Z'
System info: host: 'Taylors-MacBook-Pro-1.local', ip: '192.168.1.148', os.name: 'Mac OS X', os.arch: 'x86_64', os.version: '10.13.1', java.version: '1.8.0_181'
Driver info: driver.version: ChromeDriver
	at org.openqa.selenium.remote.service.DriverService.waitUntilAvailable(DriverService.java:193)
	at org.openqa.selenium.remote.service.DriverService.start(DriverService.java:179)
	at org.openqa.selenium.remote.service.DriverCommandExecutor.execute(DriverCommandExecutor.java:79)
	at org.openqa.selenium.remote.RemoteWebDriver.execute(RemoteWebDriver.java:548)
	at org.openqa.selenium.remote.RemoteWebDriver.startSession(RemoteWebDriver.java:212)
	at org.openqa.selenium.remote.RemoteWebDriver.<init>(RemoteWebDriver.java:130)
	at org.openqa.selenium.chrome.ChromeDriver.<init>(ChromeDriver.java:181)
	at org.openqa.selenium.chrome.ChromeDriver.<init>(ChromeDriver.java:168)
	at org.openqa.selenium.chrome.ChromeDriver.<init>(ChromeDriver.java:123)
	at resources.TestBase.initializeDriver(TestBase.java:48)
	at tests.CreateNewLineupQuestionsTests.navigateToCreateNewLineupQuestionsPage(CreateNewLineupQuestionsTests.java:28)
	at tests.CreateNewLineupQuestionsTests.verifyCancelButtonisDisplayed(CreateNewLineupQuestionsTests.java:200)
	at sun.reflect.NativeMethodAccessorImpl.invoke0(Native Method)
	at sun.reflect.NativeMethodAccessorImpl.invoke(NativeMethodAccessorImpl.java:62)
	at sun.reflect.DelegatingMethodAccessorImpl.invoke(DelegatingMethodAccessorImpl.java:43)
	at java.lang.reflect.Method.invoke(Method.java:498)
	at org.testng.internal.MethodInvocationHelper.invokeMethod(MethodInvocationHelper.java:108)
	at org.testng.internal.Invoker.invokeMethod(Invoker.java:661)
	at org.testng.internal.Invoker.invokeTestMethod(Invoker.java:869)
	at org.testng.internal.Invoker.invokeTestMethods(Invoker.java:1193)
	at org.testng.internal.TestMethodWorker.invokeTestMethods(TestMethodWorker.java:126)
	at org.testng.internal.TestMethodWorker.run(TestMethodWorker.java:109)
	at org.testng.TestRunner.privateRun(TestRunner.java:744)
	at org.testng.TestRunner.run(TestRunner.java:602)
	at org.testng.SuiteRunner.runTest(SuiteRunner.java:380)
	at org.testng.SuiteRunner.runSequentially(SuiteRunner.java:375)
	at org.testng.SuiteRunner.privateRun(SuiteRunner.java:340)
	at org.testng.SuiteRunner.run(SuiteRunner.java:289)
	at org.testng.SuiteRunnerWorker.runSuite(SuiteRunnerWorker.java:52)
	at org.testng.SuiteRunnerWorker.run(SuiteRunnerWorker.java:86)
	at org.testng.TestNG.runSuitesSequentially(TestNG.java:1301)
	at org.testng.TestNG.runSuitesLocally(TestNG.java:1226)
	at org.testng.TestNG.runSuites(TestNG.java:1144)
	at org.testng.TestNG.run(TestNG.java:1115)
	at org.apache.maven.surefire.testng.TestNGExecutor.run(TestNGExecutor.java:283)
	at org.apache.maven.surefire.testng.TestNGXmlTestSuite.execute(TestNGXmlTestSuite.java:75)
	at org.apache.maven.surefire.testng.TestNGProvider.invoke(TestNGProvider.java:120)
	at org.apache.maven.surefire.booter.ForkedBooter.invokeProviderInSameClassLoader(ForkedBooter.java:383)
	at org.apache.maven.surefire.booter.ForkedBooter.runSuitesInProcess(ForkedBooter.java:344)
	at org.apache.maven.surefire.booter.ForkedBooter.execute(ForkedBooter.java:125)
	at org.apache.maven.surefire.booter.ForkedBooter.main(ForkedBooter.java:417)
Caused by: org.openqa.selenium.net.UrlChecker$TimeoutException: Timed out waiting for [http://localhost:46978/status] to be available after 20005 ms
	at org.openqa.selenium.net.UrlChecker.waitUntilAvailable(UrlChecker.java:100)
	at org.openqa.selenium.remote.service.DriverService.waitUntilAvailable(DriverService.java:188)
	... 40 more
Caused by: java.util.concurrent.TimeoutException
	at java.util.concurrent.FutureTask.get(FutureTask.java:205)
	at com.google.common.util.concurrent.SimpleTimeLimiter.callWithTimeout(SimpleTimeLimiter.java:156)
	at org.openqa.selenium.net.UrlChecker.waitUntilAvailable(UrlChecker.java:75)
	... 41 more
]]>
    </error>
  </testcase> <!-- verifyCancelButtonisDisplayed -->
  <testcase name="closeBrowser" time="0.000" classname="tests.CreateNewLineupQuestionsTests">
    <error type="java.lang.NullPointerException">
      <![CDATA[java.lang.NullPointerException
	at tests.CreateNewLineupQuestionsTests.closeBrowser(CreateNewLineupQuestionsTests.java:51)
	at sun.reflect.NativeMethodAccessorImpl.invoke0(Native Method)
	at sun.reflect.NativeMethodAccessorImpl.invoke(NativeMethodAccessorImpl.java:62)
	at sun.reflect.DelegatingMethodAccessorImpl.invoke(DelegatingMethodAccessorImpl.java:43)
	at java.lang.reflect.Method.invoke(Method.java:498)
	at org.testng.internal.MethodInvocationHelper.invokeMethod(MethodInvocationHelper.java:108)
	at org.testng.internal.Invoker.invokeConfigurationMethod(Invoker.java:523)
	at org.testng.internal.Invoker.invokeConfigurations(Invoker.java:224)
	at org.testng.internal.Invoker.invokeMethod(Invoker.java:723)
	at org.testng.internal.Invoker.invokeTestMethod(Invoker.java:869)
	at org.testng.internal.Invoker.invokeTestMethods(Invoker.java:1193)
	at org.testng.internal.TestMethodWorker.invokeTestMethods(TestMethodWorker.java:126)
	at org.testng.internal.TestMethodWorker.run(TestMethodWorker.java:109)
	at org.testng.TestRunner.privateRun(TestRunner.java:744)
	at org.testng.TestRunner.run(TestRunner.java:602)
	at org.testng.SuiteRunner.runTest(SuiteRunner.java:380)
	at org.testng.SuiteRunner.runSequentially(SuiteRunner.java:375)
	at org.testng.SuiteRunner.privateRun(SuiteRunner.java:340)
	at org.testng.SuiteRunner.run(SuiteRunner.java:289)
	at org.testng.SuiteRunnerWorker.runSuite(SuiteRunnerWorker.java:52)
	at org.testng.SuiteRunnerWorker.run(SuiteRunnerWorker.java:86)
	at org.testng.TestNG.runSuitesSequentially(TestNG.java:1301)
	at org.testng.TestNG.runSuitesLocally(TestNG.java:1226)
	at org.testng.TestNG.runSuites(TestNG.java:1144)
	at org.testng.TestNG.run(TestNG.java:1115)
	at org.apache.maven.surefire.testng.TestNGExecutor.run(TestNGExecutor.java:283)
	at org.apache.maven.surefire.testng.TestNGXmlTestSuite.execute(TestNGXmlTestSuite.java:75)
	at org.apache.maven.surefire.testng.TestNGProvider.invoke(TestNGProvider.java:120)
	at org.apache.maven.surefire.booter.ForkedBooter.invokeProviderInSameClassLoader(ForkedBooter.java:383)
	at org.apache.maven.surefire.booter.ForkedBooter.runSuitesInProcess(ForkedBooter.java:344)
	at org.apache.maven.surefire.booter.ForkedBooter.execute(ForkedBooter.java:125)
	at org.apache.maven.surefire.booter.ForkedBooter.main(ForkedBooter.java:417)
]]>
    </error>
  </testcase> <!-- closeBrowser -->
  <testcase name="verifyNavtigateToCreateLineupPage" time="0.001" classname="tests.CreateNewLineupQuestionsTests">
    <skipped/>
  </testcase> <!-- verifyNavtigateToCreateLineupPage -->
  <testcase name="verifyFirstQuestionisDisplayed" time="0.000" classname="tests.CreateNewLineupQuestionsTests">
    <skipped/>
  </testcase> <!-- verifyFirstQuestionisDisplayed -->
  <testcase name="verifySecondQuestionisNotDisplayed" time="0.000" classname="tests.CreateNewLineupQuestionsTests">
    <skipped/>
  </testcase> <!-- verifySecondQuestionisNotDisplayed -->
  <testcase name="verifySelectionOfSportRadioButtons" time="0.000" classname="tests.CreateNewLineupQuestionsTests">
    <skipped/>
  </testcase> <!-- verifySelectionOfSportRadioButtons -->
  <testcase name="verifySecondQuestionisDisplayed" time="0.000" classname="tests.CreateNewLineupQuestionsTests">
    <skipped/>
  </testcase> <!-- verifySecondQuestionisDisplayed -->
  <testcase name="verifyThirdQuestionisNotDisplayed" time="0.000" classname="tests.CreateNewLineupQuestionsTests">
    <skipped/>
  </testcase> <!-- verifyThirdQuestionisNotDisplayed -->
  <testcase name="verifySelectionOfGameVariantRadioButtons" time="0.000" classname="tests.CreateNewLineupQuestionsTests">
    <skipped/>
  </testcase> <!-- verifySelectionOfGameVariantRadioButtons -->
  <testcase name="verifyThirdQuestionisDisplayed" time="0.000" classname="tests.CreateNewLineupQuestionsTests">
    <skipped/>
  </testcase> <!-- verifyThirdQuestionisDisplayed -->
  <testcase name="verifyContinueButtonIsNotDisplayed" time="0.000" classname="tests.CreateNewLineupQuestionsTests">
    <skipped/>
  </testcase> <!-- verifyContinueButtonIsNotDisplayed -->
  <testcase name="verifySelectionOfContestStartDateRadioButtons" time="0.000" classname="tests.CreateNewLineupQuestionsTests">
    <skipped/>
  </testcase> <!-- verifySelectionOfContestStartDateRadioButtons -->
  <testcase name="verifyContinueButtonIsDisplayed" time="0.000" classname="tests.CreateNewLineupQuestionsTests">
    <skipped/>
  </testcase> <!-- verifyContinueButtonIsDisplayed -->
</testsuite> <!-- tests.CreateNewLineupQuestionsTests -->
