<?xml version="1.0" encoding="UTF-8"?>
<!-- Generated by org.testng.reporters.JUnitReportReporter -->
<testsuite skipped="0" hostname="Taylors-MacBook-Pro-1.local" name="tests.AccountDropDownAfterLogInTests" tests="2" failures="0" timestamp="23 Oct 2018 05:56:34 GMT" time="67.290" errors="0">
  <testcase name="verifySignOut" time="34.163" classname="tests.AccountDropDownAfterLogInTests"/>
  <testcase name="verifyAllLinksAppearInDropDown" time="33.127" classname="tests.AccountDropDownAfterLogInTests"/>
</testsuite> <!-- tests.AccountDropDownAfterLogInTests -->
